<?xml version="1.0" encoding="UTF-8"?>
<!-- Generated by org.testng.reporters.JUnitXMLReporter -->
<testsuite ignored="0" hostname="DESKTOP-3CNBKPE" failures="0" tests="2" name="Default test" time="31.42" errors="0" timestamp="2023-07-07T15:55:51 IST">
  <testcase classname="seleniumtopics.SslCertificateChromeAndFireFox" name="launchSSLInChrome" time="15.843"/>
  <testcase classname="seleniumtopics.SslCertificateChromeAndFireFox" name="launchSSLEdge" time="15.508"/>
</testsuite> <!-- Default test -->
