<?xml version="1.0" encoding="UTF-8"?>
<testng-results skipped="0" failed="0" ignored="0" total="1" passed="1">
  <reporter-output>
  </reporter-output>
  <suite name="NaukriAuto" duration-ms="31937" started-at="2023-07-05T15:50:05 IST" finished-at="2023-07-05T15:50:37 IST">
    <groups>
    </groups>
    <test name="Test" duration-ms="31937" started-at="2023-07-05T15:50:05 IST" finished-at="2023-07-05T15:50:37 IST">
      <class name="resumeautomation.naukritestcases.ResumeUploadData">
        <test-method status="PASS" signature="Browser()[pri:0, instance:resumeautomation.naukritestcases.ResumeUploadData@5cb9f472]" name="Browser" is-config="true" duration-ms="13268" started-at="2023-07-05T15:50:05 IST" finished-at="2023-07-05T15:50:18 IST">
          <reporter-output>
          </reporter-output>
        </test-method> <!-- Browser -->
        <test-method status="PASS" signature="naukri()[pri:0, instance:resumeautomation.naukritestcases.ResumeUploadData@5cb9f472]" name="naukri" duration-ms="18109" started-at="2023-07-05T15:50:18 IST" finished-at="2023-07-05T15:50:36 IST">
          <reporter-output>
          </reporter-output>
        </test-method> <!-- naukri -->
        <test-method status="PASS" signature="closeBrowser()[pri:0, instance:resumeautomation.naukritestcases.ResumeUploadData@5cb9f472]" name="closeBrowser" is-config="true" duration-ms="487" started-at="2023-07-05T15:50:36 IST" finished-at="2023-07-05T15:50:37 IST">
          <reporter-output>
          </reporter-output>
        </test-method> <!-- closeBrowser -->
      </class> <!-- resumeautomation.naukritestcases.ResumeUploadData -->
    </test> <!-- Test -->
  </suite> <!-- NaukriAuto -->
</testng-results>
