<?xml version="1.0" encoding="UTF-8"?>
<testng-results ignored="0" total="1" passed="1" failed="0" skipped="0">
  <reporter-output>
  </reporter-output>
  <suite started-at="2023-07-13T17:11:56 IST" name="Default suite" finished-at="2023-07-13T17:12:16 IST" duration-ms="19792">
    <groups>
    </groups>
    <test started-at="2023-07-13T17:11:56 IST" name="Default test" finished-at="2023-07-13T17:12:16 IST" duration-ms="19792">
      <class name="resumeautomation.naukritestcases.ResumeUploadData">
        <test-method is-config="true" signature="Browser()[pri:0, instance:resumeautomation.naukritestcases.ResumeUploadData@503d687a]" started-at="2023-07-13T17:11:56 IST" name="Browser" finished-at="2023-07-13T17:12:15 IST" duration-ms="19016" status="PASS">
          <reporter-output>
          </reporter-output>
        </test-method> <!-- Browser -->
        <test-method signature="naukri()[pri:0, instance:resumeautomation.naukritestcases.ResumeUploadData@503d687a]" started-at="2023-07-13T17:12:15 IST" name="naukri" finished-at="2023-07-13T17:12:16 IST" duration-ms="138" status="PASS">
          <reporter-output>
          </reporter-output>
        </test-method> <!-- naukri -->
        <test-method is-config="true" signature="closeBrowser()[pri:0, instance:resumeautomation.naukritestcases.ResumeUploadData@503d687a]" started-at="2023-07-13T17:12:16 IST" name="closeBrowser" finished-at="2023-07-13T17:12:16 IST" duration-ms="512" status="PASS">
          <reporter-output>
          </reporter-output>
        </test-method> <!-- closeBrowser -->
      </class> <!-- resumeautomation.naukritestcases.ResumeUploadData -->
    </test> <!-- Default test -->
  </suite> <!-- Default suite -->
</testng-results>
